27-Apr-2018 16:33:43.514 信息 [main] org.apache.catalina.startup.VersionLoggerListener.log Server version:        Apache Tomcat/8.5.30
27-Apr-2018 16:33:43.522 信息 [main] org.apache.catalina.startup.VersionLoggerListener.log Server built:          Apr 3 2018 20:04:09 UTC
27-Apr-2018 16:33:43.523 信息 [main] org.apache.catalina.startup.VersionLoggerListener.log Server number:         8.5.30.0
27-Apr-2018 16:33:43.524 信息 [main] org.apache.catalina.startup.VersionLoggerListener.log OS Name:               Windows 7
27-Apr-2018 16:33:43.524 信息 [main] org.apache.catalina.startup.VersionLoggerListener.log OS Version:            6.1
27-Apr-2018 16:33:43.525 信息 [main] org.apache.catalina.startup.VersionLoggerListener.log Architecture:          amd64
27-Apr-2018 16:33:43.525 信息 [main] org.apache.catalina.startup.VersionLoggerListener.log Java Home:             G:\Program Files\Java\jdk1.8.0_60\jre
27-Apr-2018 16:33:43.526 信息 [main] org.apache.catalina.startup.VersionLoggerListener.log JVM Version:           1.8.0_60-b27
27-Apr-2018 16:33:43.527 信息 [main] org.apache.catalina.startup.VersionLoggerListener.log JVM Vendor:            Oracle Corporation
27-Apr-2018 16:33:43.527 信息 [main] org.apache.catalina.startup.VersionLoggerListener.log CATALINA_BASE:         E:\dubbo\tomcat-dubbo-admin
27-Apr-2018 16:33:43.528 信息 [main] org.apache.catalina.startup.VersionLoggerListener.log CATALINA_HOME:         E:\dubbo\tomcat-dubbo-admin
27-Apr-2018 16:33:43.528 信息 [main] org.apache.catalina.startup.VersionLoggerListener.log Command line argument: -Djava.util.logging.config.file=E:\dubbo\tomcat-dubbo-admin\conf\logging.properties
27-Apr-2018 16:33:43.530 信息 [main] org.apache.catalina.startup.VersionLoggerListener.log Command line argument: -Djava.util.logging.manager=org.apache.juli.ClassLoaderLogManager
27-Apr-2018 16:33:43.530 信息 [main] org.apache.catalina.startup.VersionLoggerListener.log Command line argument: -Djdk.tls.ephemeralDHKeySize=2048
27-Apr-2018 16:33:43.531 信息 [main] org.apache.catalina.startup.VersionLoggerListener.log Command line argument: -Djava.protocol.handler.pkgs=org.apache.catalina.webresources
27-Apr-2018 16:33:43.532 信息 [main] org.apache.catalina.startup.VersionLoggerListener.log Command line argument: -Dignore.endorsed.dirs=
27-Apr-2018 16:33:43.533 信息 [main] org.apache.catalina.startup.VersionLoggerListener.log Command line argument: -Dcatalina.base=E:\dubbo\tomcat-dubbo-admin
27-Apr-2018 16:33:43.534 信息 [main] org.apache.catalina.startup.VersionLoggerListener.log Command line argument: -Dcatalina.home=E:\dubbo\tomcat-dubbo-admin
27-Apr-2018 16:33:43.534 信息 [main] org.apache.catalina.startup.VersionLoggerListener.log Command line argument: -Djava.io.tmpdir=E:\dubbo\tomcat-dubbo-admin\temp
27-Apr-2018 16:33:43.535 信息 [main] org.apache.catalina.core.AprLifecycleListener.lifecycleEvent The APR based Apache Tomcat Native library which allows optimal performance in production environments was not found on the java.library.path: [G:\Program Files\Java\jdk1.8.0_60\bin;C:\Windows\Sun\Java\bin;C:\Windows\system32;C:\Windows;C:\Windows\system32;C:\Windows;C:\Windows\System32\Wbem;C:\Windows\System32\WindowsPowerShell\v1.0\;C:\Program Files (x86)\NVIDIA Corporation\PhysX\Common;G:\Program Files\Java\jdk1.8.0_60\bin;G:\Program Files (x86)\apache-maven-3.0.4\bin;G:\Program Files\TortoiseGit\bin;G:\Program Files\TortoiseSVN\bin;C:\Program Files (x86)\GtkSharp\2.12\bin;C:\Program Files\Common Files\Autodesk Shared\;C:\Program Files (x86)\Autodesk\Backburner\;C:\Program Files\MySQL\MySQL Utilities 1.6\;C:\Program Files\Intel\WiFi\bin\;C:\Program Files\Common Files\Intel\WirelessCommon\;C:\Program Files\Intel\WiFi\bin\;C:\Program Files\Common Files\Intel\WirelessCommon\;.]
27-Apr-2018 16:33:43.643 信息 [main] org.apache.coyote.AbstractProtocol.init Initializing ProtocolHandler ["http-nio-2184"]
27-Apr-2018 16:33:43.697 信息 [main] org.apache.tomcat.util.net.NioSelectorPool.getSharedSelector Using a shared selector for servlet write/read
27-Apr-2018 16:33:43.705 信息 [main] org.apache.coyote.AbstractProtocol.init Initializing ProtocolHandler ["ajp-nio-8009"]
27-Apr-2018 16:33:43.709 信息 [main] org.apache.tomcat.util.net.NioSelectorPool.getSharedSelector Using a shared selector for servlet write/read
27-Apr-2018 16:33:43.710 信息 [main] org.apache.catalina.startup.Catalina.load Initialization processed in 485 ms
27-Apr-2018 16:33:43.732 信息 [main] org.apache.catalina.core.StandardService.startInternal Starting service [Catalina]
27-Apr-2018 16:33:43.733 信息 [main] org.apache.catalina.core.StandardEngine.startInternal Starting Servlet Engine: Apache Tomcat/8.5.30
27-Apr-2018 16:33:43.738 严重 [Catalina-startStop-1] org.apache.catalina.startup.HostConfig.beforeStart Unable to create directory for deployment: [E:\dubbo\tomcat-dubbo-admin\dubbo-admin-2.5.10.war]
27-Apr-2018 16:33:43.742 严重 [Catalina-startStop-1] org.apache.catalina.startup.HostConfig.start Application base [E:\dubbo\tomcat-dubbo-admin\dubbo-admin-2.5.10.war] for host [localhost] does not exist or is not a directory. deployOnStartUp and autoDeploy have been set to false to prevent deployment errors. Other errors may still occur.
27-Apr-2018 16:33:43.745 信息 [main] org.apache.coyote.AbstractProtocol.start Starting ProtocolHandler ["http-nio-2184"]
27-Apr-2018 16:33:43.755 信息 [main] org.apache.coyote.AbstractProtocol.start Starting ProtocolHandler ["ajp-nio-8009"]
27-Apr-2018 16:33:43.759 信息 [main] org.apache.catalina.startup.Catalina.start Server startup in 49 ms
27-Apr-2018 16:56:05.350 信息 [Thread-5] org.apache.coyote.AbstractProtocol.pause Pausing ProtocolHandler ["http-nio-2184"]
27-Apr-2018 16:56:05.626 信息 [Thread-5] org.apache.coyote.AbstractProtocol.pause Pausing ProtocolHandler ["ajp-nio-8009"]
27-Apr-2018 16:56:05.912 信息 [Thread-5] org.apache.catalina.core.StandardService.stopInternal Stopping service [Catalina]
27-Apr-2018 16:56:05.914 信息 [Thread-5] org.apache.coyote.AbstractProtocol.stop Stopping ProtocolHandler ["http-nio-2184"]
27-Apr-2018 16:56:05.925 信息 [Thread-5] org.apache.coyote.AbstractProtocol.stop Stopping ProtocolHandler ["ajp-nio-8009"]
27-Apr-2018 16:56:05.928 信息 [Thread-5] org.apache.coyote.AbstractProtocol.destroy Destroying ProtocolHandler ["http-nio-2184"]
27-Apr-2018 16:56:05.929 信息 [Thread-5] org.apache.coyote.AbstractProtocol.destroy Destroying ProtocolHandler ["ajp-nio-8009"]
27-Apr-2018 16:56:15.138 信息 [main] org.apache.catalina.startup.VersionLoggerListener.log Server version:        Apache Tomcat/8.5.30
27-Apr-2018 16:56:15.142 信息 [main] org.apache.catalina.startup.VersionLoggerListener.log Server built:          Apr 3 2018 20:04:09 UTC
27-Apr-2018 16:56:15.143 信息 [main] org.apache.catalina.startup.VersionLoggerListener.log Server number:         8.5.30.0
27-Apr-2018 16:56:15.144 信息 [main] org.apache.catalina.startup.VersionLoggerListener.log OS Name:               Windows 7
27-Apr-2018 16:56:15.145 信息 [main] org.apache.catalina.startup.VersionLoggerListener.log OS Version:            6.1
27-Apr-2018 16:56:15.145 信息 [main] org.apache.catalina.startup.VersionLoggerListener.log Architecture:          amd64
27-Apr-2018 16:56:15.146 信息 [main] org.apache.catalina.startup.VersionLoggerListener.log Java Home:             G:\Program Files\Java\jdk1.8.0_60\jre
27-Apr-2018 16:56:15.147 信息 [main] org.apache.catalina.startup.VersionLoggerListener.log JVM Version:           1.8.0_60-b27
27-Apr-2018 16:56:15.147 信息 [main] org.apache.catalina.startup.VersionLoggerListener.log JVM Vendor:            Oracle Corporation
27-Apr-2018 16:56:15.148 信息 [main] org.apache.catalina.startup.VersionLoggerListener.log CATALINA_BASE:         E:\dubbo\tomcat-dubbo-admin
27-Apr-2018 16:56:15.150 信息 [main] org.apache.catalina.startup.VersionLoggerListener.log CATALINA_HOME:         E:\dubbo\tomcat-dubbo-admin
27-Apr-2018 16:56:15.151 信息 [main] org.apache.catalina.startup.VersionLoggerListener.log Command line argument: -Djava.util.logging.config.file=E:\dubbo\tomcat-dubbo-admin\conf\logging.properties
27-Apr-2018 16:56:15.152 信息 [main] org.apache.catalina.startup.VersionLoggerListener.log Command line argument: -Djava.util.logging.manager=org.apache.juli.ClassLoaderLogManager
27-Apr-2018 16:56:15.153 信息 [main] org.apache.catalina.startup.VersionLoggerListener.log Command line argument: -Djdk.tls.ephemeralDHKeySize=2048
27-Apr-2018 16:56:15.154 信息 [main] org.apache.catalina.startup.VersionLoggerListener.log Command line argument: -Djava.protocol.handler.pkgs=org.apache.catalina.webresources
27-Apr-2018 16:56:15.155 信息 [main] org.apache.catalina.startup.VersionLoggerListener.log Command line argument: -Dignore.endorsed.dirs=
27-Apr-2018 16:56:15.156 信息 [main] org.apache.catalina.startup.VersionLoggerListener.log Command line argument: -Dcatalina.base=E:\dubbo\tomcat-dubbo-admin
27-Apr-2018 16:56:15.157 信息 [main] org.apache.catalina.startup.VersionLoggerListener.log Command line argument: -Dcatalina.home=E:\dubbo\tomcat-dubbo-admin
27-Apr-2018 16:56:15.158 信息 [main] org.apache.catalina.startup.VersionLoggerListener.log Command line argument: -Djava.io.tmpdir=E:\dubbo\tomcat-dubbo-admin\temp
27-Apr-2018 16:56:15.159 信息 [main] org.apache.catalina.core.AprLifecycleListener.lifecycleEvent The APR based Apache Tomcat Native library which allows optimal performance in production environments was not found on the java.library.path: [G:\Program Files\Java\jdk1.8.0_60\bin;C:\Windows\Sun\Java\bin;C:\Windows\system32;C:\Windows;C:\Windows\system32;C:\Windows;C:\Windows\System32\Wbem;C:\Windows\System32\WindowsPowerShell\v1.0\;C:\Program Files (x86)\NVIDIA Corporation\PhysX\Common;G:\Program Files\Java\jdk1.8.0_60\bin;G:\Program Files (x86)\apache-maven-3.0.4\bin;G:\Program Files\TortoiseGit\bin;G:\Program Files\TortoiseSVN\bin;C:\Program Files (x86)\GtkSharp\2.12\bin;C:\Program Files\Common Files\Autodesk Shared\;C:\Program Files (x86)\Autodesk\Backburner\;C:\Program Files\MySQL\MySQL Utilities 1.6\;C:\Program Files\Intel\WiFi\bin\;C:\Program Files\Common Files\Intel\WirelessCommon\;C:\Program Files\Intel\WiFi\bin\;C:\Program Files\Common Files\Intel\WirelessCommon\;.]
27-Apr-2018 16:56:15.259 信息 [main] org.apache.coyote.AbstractProtocol.init Initializing ProtocolHandler ["http-nio-2184"]
27-Apr-2018 16:56:15.317 信息 [main] org.apache.tomcat.util.net.NioSelectorPool.getSharedSelector Using a shared selector for servlet write/read
27-Apr-2018 16:56:15.324 信息 [main] org.apache.coyote.AbstractProtocol.init Initializing ProtocolHandler ["ajp-nio-8009"]
27-Apr-2018 16:56:15.327 信息 [main] org.apache.tomcat.util.net.NioSelectorPool.getSharedSelector Using a shared selector for servlet write/read
27-Apr-2018 16:56:15.329 信息 [main] org.apache.catalina.startup.Catalina.load Initialization processed in 481 ms
27-Apr-2018 16:56:15.348 信息 [main] org.apache.catalina.core.StandardService.startInternal Starting service [Catalina]
27-Apr-2018 16:56:15.349 信息 [main] org.apache.catalina.core.StandardEngine.startInternal Starting Servlet Engine: Apache Tomcat/8.5.30
27-Apr-2018 16:56:15.366 信息 [localhost-startStop-1] org.apache.catalina.startup.HostConfig.deployWAR Deploying web application archive [E:\dubbo\tomcat-dubbo-admin\webapps\dubbo-admin\dubbo-admin-2.5.10.war]
27-Apr-2018 16:56:19.971 信息 [localhost-startStop-1] org.apache.jasper.servlet.TldScanner.scanJars At least one JAR was scanned for TLDs yet contained no TLDs. Enable debug logging for this logger for a complete list of JARs that were scanned but no TLDs were found in them. Skipping unneeded JARs during scanning can improve startup time and JSP compilation time.
27-Apr-2018 16:56:33.853 信息 [localhost-startStop-1] org.apache.catalina.startup.HostConfig.deployWAR Deployment of web application archive [E:\dubbo\tomcat-dubbo-admin\webapps\dubbo-admin\dubbo-admin-2.5.10.war] has finished in [18,487] ms
27-Apr-2018 16:56:33.856 信息 [main] org.apache.coyote.AbstractProtocol.start Starting ProtocolHandler ["http-nio-2184"]
27-Apr-2018 16:56:33.866 信息 [main] org.apache.coyote.AbstractProtocol.start Starting ProtocolHandler ["ajp-nio-8009"]
27-Apr-2018 16:56:33.871 信息 [main] org.apache.catalina.startup.Catalina.start Server startup in 18540 ms
27-Apr-2018 16:57:07.574 严重 [ajp-nio-8009-exec-1] org.apache.coyote.ajp.AjpMessage.processHeader Invalid message received with signature [18245]
27-Apr-2018 16:57:07.577 严重 [ajp-nio-8009-exec-2] org.apache.coyote.ajp.AjpMessage.processHeader Invalid message received with signature [18245]
27-Apr-2018 16:57:07.581 严重 [ajp-nio-8009-exec-3] org.apache.coyote.ajp.AjpMessage.processHeader Invalid message received with signature [18245]
27-Apr-2018 16:57:07.644 严重 [ajp-nio-8009-exec-4] org.apache.coyote.ajp.AjpMessage.processHeader Invalid message received with signature [18245]
27-Apr-2018 16:57:07.646 严重 [ajp-nio-8009-exec-5] org.apache.coyote.ajp.AjpMessage.processHeader Invalid message received with signature [18245]
27-Apr-2018 16:57:07.650 严重 [ajp-nio-8009-exec-6] org.apache.coyote.ajp.AjpMessage.processHeader Invalid message received with signature [18245]
27-Apr-2018 16:57:12.025 严重 [ajp-nio-8009-exec-7] org.apache.coyote.ajp.AjpMessage.processHeader Invalid message received with signature [18245]
27-Apr-2018 16:57:12.030 严重 [ajp-nio-8009-exec-8] org.apache.coyote.ajp.AjpMessage.processHeader Invalid message received with signature [18245]
27-Apr-2018 16:57:12.034 严重 [ajp-nio-8009-exec-9] org.apache.coyote.ajp.AjpMessage.processHeader Invalid message received with signature [18245]
27-Apr-2018 16:57:47.498 警告 [main] org.apache.catalina.core.StandardServer.await StandardServer.await: Invalid command 'GET / HTTP/1.1' received
27-Apr-2018 16:57:57.500 警告 [main] org.apache.catalina.core.StandardServer.await StandardServer.await: read: 
 java.net.SocketTimeoutException: Read timed out
	at java.net.SocketInputStream.socketRead0(Native Method)
	at java.net.SocketInputStream.socketRead(SocketInputStream.java:116)
	at java.net.SocketInputStream.read(SocketInputStream.java:170)
	at java.net.SocketInputStream.read(SocketInputStream.java:141)
	at java.net.SocketInputStream.read(SocketInputStream.java:223)
	at org.apache.catalina.core.StandardServer.await(StandardServer.java:498)
	at org.apache.catalina.startup.Catalina.await(Catalina.java:769)
	at org.apache.catalina.startup.Catalina.start(Catalina.java:715)
	at sun.reflect.NativeMethodAccessorImpl.invoke0(Native Method)
	at sun.reflect.NativeMethodAccessorImpl.invoke(NativeMethodAccessorImpl.java:62)
	at sun.reflect.DelegatingMethodAccessorImpl.invoke(DelegatingMethodAccessorImpl.java:43)
	at java.lang.reflect.Method.invoke(Method.java:497)
	at org.apache.catalina.startup.Bootstrap.start(Bootstrap.java:353)
	at org.apache.catalina.startup.Bootstrap.main(Bootstrap.java:493)

27-Apr-2018 16:57:57.505 警告 [main] org.apache.catalina.core.StandardServer.await StandardServer.await: Invalid command '' received
27-Apr-2018 16:58:07.508 警告 [main] org.apache.catalina.core.StandardServer.await StandardServer.await: read: 
 java.net.SocketTimeoutException: Read timed out
	at java.net.SocketInputStream.socketRead0(Native Method)
	at java.net.SocketInputStream.socketRead(SocketInputStream.java:116)
	at java.net.SocketInputStream.read(SocketInputStream.java:170)
	at java.net.SocketInputStream.read(SocketInputStream.java:141)
	at java.net.SocketInputStream.read(SocketInputStream.java:223)
	at org.apache.catalina.core.StandardServer.await(StandardServer.java:498)
	at org.apache.catalina.startup.Catalina.await(Catalina.java:769)
	at org.apache.catalina.startup.Catalina.start(Catalina.java:715)
	at sun.reflect.NativeMethodAccessorImpl.invoke0(Native Method)
	at sun.reflect.NativeMethodAccessorImpl.invoke(NativeMethodAccessorImpl.java:62)
	at sun.reflect.DelegatingMethodAccessorImpl.invoke(DelegatingMethodAccessorImpl.java:43)
	at java.lang.reflect.Method.invoke(Method.java:497)
	at org.apache.catalina.startup.Bootstrap.start(Bootstrap.java:353)
	at org.apache.catalina.startup.Bootstrap.main(Bootstrap.java:493)

27-Apr-2018 16:58:07.511 警告 [main] org.apache.catalina.core.StandardServer.await StandardServer.await: Invalid command '' received
27-Apr-2018 17:01:54.726 信息 [Thread-7] org.apache.coyote.AbstractProtocol.pause Pausing ProtocolHandler ["http-nio-2184"]
27-Apr-2018 17:01:54.945 信息 [Thread-7] org.apache.coyote.AbstractProtocol.pause Pausing ProtocolHandler ["ajp-nio-8009"]
27-Apr-2018 17:01:55.208 信息 [Thread-7] org.apache.catalina.core.StandardService.stopInternal Stopping service [Catalina]
27-Apr-2018 17:01:55.257 警告 [localhost-startStop-2] org.apache.catalina.loader.WebappClassLoaderBase.clearReferencesThreads The web application [dubbo-admin-2.5.10] appears to have started a thread named [qos-boss-1-1] but has failed to stop it. This is very likely to create a memory leak. Stack trace of thread:
 sun.nio.ch.WindowsSelectorImpl$SubSelector.poll0(Native Method)
 sun.nio.ch.WindowsSelectorImpl$SubSelector.poll(WindowsSelectorImpl.java:296)
 sun.nio.ch.WindowsSelectorImpl$SubSelector.access$400(WindowsSelectorImpl.java:278)
 sun.nio.ch.WindowsSelectorImpl.doSelect(WindowsSelectorImpl.java:159)
 sun.nio.ch.SelectorImpl.lockAndDoSelect(SelectorImpl.java:86)
 sun.nio.ch.SelectorImpl.select(SelectorImpl.java:97)
 io.netty.channel.nio.NioEventLoop.select(NioEventLoop.java:622)
 io.netty.channel.nio.NioEventLoop.run(NioEventLoop.java:310)
 io.netty.util.concurrent.SingleThreadEventExecutor$2.run(SingleThreadEventExecutor.java:112)
 io.netty.util.concurrent.DefaultThreadFactory$DefaultRunnableDecorator.run(DefaultThreadFactory.java:137)
 java.lang.Thread.run(Thread.java:745)
27-Apr-2018 17:01:55.259 警告 [localhost-startStop-2] org.apache.catalina.loader.WebappClassLoaderBase.clearReferencesThreads The web application [dubbo-admin-2.5.10] appears to have started a thread named [DubboRegistryFailedRetryTimer-thread-1] but has failed to stop it. This is very likely to create a memory leak. Stack trace of thread:
 sun.misc.Unsafe.park(Native Method)
 java.util.concurrent.locks.LockSupport.parkNanos(LockSupport.java:215)
 java.util.concurrent.locks.AbstractQueuedSynchronizer$ConditionObject.awaitNanos(AbstractQueuedSynchronizer.java:2078)
 java.util.concurrent.ScheduledThreadPoolExecutor$DelayedWorkQueue.take(ScheduledThreadPoolExecutor.java:1093)
 java.util.concurrent.ScheduledThreadPoolExecutor$DelayedWorkQueue.take(ScheduledThreadPoolExecutor.java:809)
 java.util.concurrent.ThreadPoolExecutor.getTask(ThreadPoolExecutor.java:1067)
 java.util.concurrent.ThreadPoolExecutor.runWorker(ThreadPoolExecutor.java:1127)
 java.util.concurrent.ThreadPoolExecutor$Worker.run(ThreadPoolExecutor.java:617)
 java.lang.Thread.run(Thread.java:745)
27-Apr-2018 17:01:55.261 警告 [localhost-startStop-2] org.apache.catalina.loader.WebappClassLoaderBase.clearReferencesThreads The web application [dubbo-admin-2.5.10] appears to have started a thread named [DubboFutureCallbackDefault-thread-1] but has failed to stop it. This is very likely to create a memory leak. Stack trace of thread:
 sun.misc.Unsafe.park(Native Method)
 java.util.concurrent.locks.LockSupport.park(LockSupport.java:175)
 java.util.concurrent.SynchronousQueue$TransferStack.awaitFulfill(SynchronousQueue.java:458)
 java.util.concurrent.SynchronousQueue$TransferStack.transfer(SynchronousQueue.java:362)
 java.util.concurrent.SynchronousQueue.take(SynchronousQueue.java:924)
 java.util.concurrent.ThreadPoolExecutor.getTask(ThreadPoolExecutor.java:1067)
 java.util.concurrent.ThreadPoolExecutor.runWorker(ThreadPoolExecutor.java:1127)
 java.util.concurrent.ThreadPoolExecutor$Worker.run(ThreadPoolExecutor.java:617)
 java.lang.Thread.run(Thread.java:745)
27-Apr-2018 17:01:55.263 警告 [localhost-startStop-2] org.apache.catalina.loader.WebappClassLoaderBase.clearReferencesThreads The web application [dubbo-admin-2.5.10] appears to have started a thread named [DubboShutdownHook] but has failed to stop it. This is very likely to create a memory leak. Stack trace of thread:
 java.lang.Thread.sleep(Native Method)
 com.alibaba.dubbo.config.ProtocolConfig.destroyAll(ProtocolConfig.java:152)
 com.alibaba.dubbo.config.AbstractConfig$1.run(AbstractConfig.java:82)
 java.lang.Thread.run(Thread.java:745)
27-Apr-2018 17:01:55.267 信息 [Thread-7] org.apache.coyote.AbstractProtocol.stop Stopping ProtocolHandler ["http-nio-2184"]
27-Apr-2018 17:01:55.269 信息 [Thread-7] org.apache.coyote.AbstractProtocol.stop Stopping ProtocolHandler ["ajp-nio-8009"]
27-Apr-2018 17:01:55.273 信息 [Thread-7] org.apache.coyote.AbstractProtocol.destroy Destroying ProtocolHandler ["http-nio-2184"]
27-Apr-2018 17:01:55.274 信息 [Thread-7] org.apache.coyote.AbstractProtocol.destroy Destroying ProtocolHandler ["ajp-nio-8009"]
27-Apr-2018 17:02:03.666 警告 [main] org.apache.catalina.core.StandardHost.setAppBase Using an empty string for appBase on host [localhost] will set it to CATALINA_BASE, which is a bad idea
27-Apr-2018 17:02:03.706 信息 [main] org.apache.catalina.startup.VersionLoggerListener.log Server version:        Apache Tomcat/8.5.30
27-Apr-2018 17:02:03.707 信息 [main] org.apache.catalina.startup.VersionLoggerListener.log Server built:          Apr 3 2018 20:04:09 UTC
27-Apr-2018 17:02:03.708 信息 [main] org.apache.catalina.startup.VersionLoggerListener.log Server number:         8.5.30.0
27-Apr-2018 17:02:03.708 信息 [main] org.apache.catalina.startup.VersionLoggerListener.log OS Name:               Windows 7
27-Apr-2018 17:02:03.709 信息 [main] org.apache.catalina.startup.VersionLoggerListener.log OS Version:            6.1
27-Apr-2018 17:02:03.710 信息 [main] org.apache.catalina.startup.VersionLoggerListener.log Architecture:          amd64
27-Apr-2018 17:02:03.711 信息 [main] org.apache.catalina.startup.VersionLoggerListener.log Java Home:             G:\Program Files\Java\jdk1.8.0_60\jre
27-Apr-2018 17:02:03.712 信息 [main] org.apache.catalina.startup.VersionLoggerListener.log JVM Version:           1.8.0_60-b27
27-Apr-2018 17:02:03.712 信息 [main] org.apache.catalina.startup.VersionLoggerListener.log JVM Vendor:            Oracle Corporation
27-Apr-2018 17:02:03.713 信息 [main] org.apache.catalina.startup.VersionLoggerListener.log CATALINA_BASE:         E:\dubbo\tomcat-dubbo-admin
27-Apr-2018 17:02:03.714 信息 [main] org.apache.catalina.startup.VersionLoggerListener.log CATALINA_HOME:         E:\dubbo\tomcat-dubbo-admin
27-Apr-2018 17:02:03.714 信息 [main] org.apache.catalina.startup.VersionLoggerListener.log Command line argument: -Djava.util.logging.config.file=E:\dubbo\tomcat-dubbo-admin\conf\logging.properties
27-Apr-2018 17:02:03.715 信息 [main] org.apache.catalina.startup.VersionLoggerListener.log Command line argument: -Djava.util.logging.manager=org.apache.juli.ClassLoaderLogManager
27-Apr-2018 17:02:03.717 信息 [main] org.apache.catalina.startup.VersionLoggerListener.log Command line argument: -Djdk.tls.ephemeralDHKeySize=2048
27-Apr-2018 17:02:03.718 信息 [main] org.apache.catalina.startup.VersionLoggerListener.log Command line argument: -Djava.protocol.handler.pkgs=org.apache.catalina.webresources
27-Apr-2018 17:02:03.719 信息 [main] org.apache.catalina.startup.VersionLoggerListener.log Command line argument: -Dignore.endorsed.dirs=
27-Apr-2018 17:02:03.720 信息 [main] org.apache.catalina.startup.VersionLoggerListener.log Command line argument: -Dcatalina.base=E:\dubbo\tomcat-dubbo-admin
27-Apr-2018 17:02:03.721 信息 [main] org.apache.catalina.startup.VersionLoggerListener.log Command line argument: -Dcatalina.home=E:\dubbo\tomcat-dubbo-admin
27-Apr-2018 17:02:03.722 信息 [main] org.apache.catalina.startup.VersionLoggerListener.log Command line argument: -Djava.io.tmpdir=E:\dubbo\tomcat-dubbo-admin\temp
27-Apr-2018 17:02:03.723 信息 [main] org.apache.catalina.core.AprLifecycleListener.lifecycleEvent The APR based Apache Tomcat Native library which allows optimal performance in production environments was not found on the java.library.path: [G:\Program Files\Java\jdk1.8.0_60\bin;C:\Windows\Sun\Java\bin;C:\Windows\system32;C:\Windows;C:\Windows\system32;C:\Windows;C:\Windows\System32\Wbem;C:\Windows\System32\WindowsPowerShell\v1.0\;C:\Program Files (x86)\NVIDIA Corporation\PhysX\Common;G:\Program Files\Java\jdk1.8.0_60\bin;G:\Program Files (x86)\apache-maven-3.0.4\bin;G:\Program Files\TortoiseGit\bin;G:\Program Files\TortoiseSVN\bin;C:\Program Files (x86)\GtkSharp\2.12\bin;C:\Program Files\Common Files\Autodesk Shared\;C:\Program Files (x86)\Autodesk\Backburner\;C:\Program Files\MySQL\MySQL Utilities 1.6\;C:\Program Files\Intel\WiFi\bin\;C:\Program Files\Common Files\Intel\WirelessCommon\;C:\Program Files\Intel\WiFi\bin\;C:\Program Files\Common Files\Intel\WirelessCommon\;.]
27-Apr-2018 17:02:03.833 信息 [main] org.apache.coyote.AbstractProtocol.init Initializing ProtocolHandler ["http-nio-2184"]
27-Apr-2018 17:02:03.893 信息 [main] org.apache.tomcat.util.net.NioSelectorPool.getSharedSelector Using a shared selector for servlet write/read
27-Apr-2018 17:02:03.900 信息 [main] org.apache.coyote.AbstractProtocol.init Initializing ProtocolHandler ["ajp-nio-8009"]
27-Apr-2018 17:02:03.904 信息 [main] org.apache.tomcat.util.net.NioSelectorPool.getSharedSelector Using a shared selector for servlet write/read
27-Apr-2018 17:02:03.905 信息 [main] org.apache.catalina.startup.Catalina.load Initialization processed in 514 ms
27-Apr-2018 17:02:03.929 信息 [main] org.apache.catalina.core.StandardService.startInternal Starting service [Catalina]
27-Apr-2018 17:02:03.930 信息 [main] org.apache.catalina.core.StandardEngine.startInternal Starting Servlet Engine: Apache Tomcat/8.5.30
27-Apr-2018 17:02:04.337 警告 [localhost-startStop-1] org.apache.catalina.util.SessionIdGeneratorBase.createSecureRandom Creation of SecureRandom instance for session ID generation using [SHA1PRNG] took [193] milliseconds.
27-Apr-2018 17:02:04.355 信息 [localhost-startStop-1] org.apache.catalina.startup.HostConfig.deployDirectory Deploying web application directory [E:\dubbo\tomcat-dubbo-admin\bin]
27-Apr-2018 17:02:04.370 信息 [localhost-startStop-1] org.apache.catalina.startup.HostConfig.deployDirectory Deployment of web application directory [E:\dubbo\tomcat-dubbo-admin\bin] has finished in [15] ms
27-Apr-2018 17:02:04.371 信息 [localhost-startStop-1] org.apache.catalina.startup.HostConfig.deployDirectory Deploying web application directory [E:\dubbo\tomcat-dubbo-admin\conf]
27-Apr-2018 17:02:04.387 信息 [localhost-startStop-1] org.apache.catalina.startup.HostConfig.deployDirectory Deployment of web application directory [E:\dubbo\tomcat-dubbo-admin\conf] has finished in [16] ms
27-Apr-2018 17:02:04.388 信息 [localhost-startStop-1] org.apache.catalina.startup.HostConfig.deployDirectory Deploying web application directory [E:\dubbo\tomcat-dubbo-admin\lib]
27-Apr-2018 17:02:04.404 信息 [localhost-startStop-1] org.apache.catalina.startup.HostConfig.deployDirectory Deployment of web application directory [E:\dubbo\tomcat-dubbo-admin\lib] has finished in [15] ms
27-Apr-2018 17:02:04.405 信息 [localhost-startStop-1] org.apache.catalina.startup.HostConfig.deployDirectory Deploying web application directory [E:\dubbo\tomcat-dubbo-admin\logs]
27-Apr-2018 17:02:04.420 信息 [localhost-startStop-1] org.apache.catalina.startup.HostConfig.deployDirectory Deployment of web application directory [E:\dubbo\tomcat-dubbo-admin\logs] has finished in [15] ms
27-Apr-2018 17:02:04.421 信息 [localhost-startStop-1] org.apache.catalina.startup.HostConfig.deployDirectory Deploying web application directory [E:\dubbo\tomcat-dubbo-admin\temp]
27-Apr-2018 17:02:04.449 信息 [localhost-startStop-1] org.apache.catalina.startup.HostConfig.deployDirectory Deployment of web application directory [E:\dubbo\tomcat-dubbo-admin\temp] has finished in [28] ms
27-Apr-2018 17:02:04.450 信息 [localhost-startStop-1] org.apache.catalina.startup.HostConfig.deployDirectory Deploying web application directory [E:\dubbo\tomcat-dubbo-admin\webapps]
27-Apr-2018 17:02:04.471 信息 [localhost-startStop-1] org.apache.catalina.startup.HostConfig.deployDirectory Deployment of web application directory [E:\dubbo\tomcat-dubbo-admin\webapps] has finished in [21] ms
27-Apr-2018 17:02:04.472 信息 [localhost-startStop-1] org.apache.catalina.startup.HostConfig.deployDirectory Deploying web application directory [E:\dubbo\tomcat-dubbo-admin\work]
27-Apr-2018 17:02:04.493 信息 [localhost-startStop-1] org.apache.catalina.startup.HostConfig.deployDirectory Deployment of web application directory [E:\dubbo\tomcat-dubbo-admin\work] has finished in [21] ms
27-Apr-2018 17:02:04.512 信息 [main] org.apache.coyote.AbstractProtocol.start Starting ProtocolHandler ["http-nio-2184"]
27-Apr-2018 17:02:04.523 信息 [main] org.apache.coyote.AbstractProtocol.start Starting ProtocolHandler ["ajp-nio-8009"]
27-Apr-2018 17:02:04.528 信息 [main] org.apache.catalina.startup.Catalina.start Server startup in 622 ms
27-Apr-2018 17:04:09.838 信息 [Thread-5] org.apache.coyote.AbstractProtocol.pause Pausing ProtocolHandler ["http-nio-2184"]
27-Apr-2018 17:04:10.094 信息 [Thread-5] org.apache.coyote.AbstractProtocol.pause Pausing ProtocolHandler ["ajp-nio-8009"]
27-Apr-2018 17:04:10.298 信息 [Thread-5] org.apache.catalina.core.StandardService.stopInternal Stopping service [Catalina]
27-Apr-2018 17:04:10.335 信息 [Thread-5] org.apache.coyote.AbstractProtocol.stop Stopping ProtocolHandler ["http-nio-2184"]
27-Apr-2018 17:04:10.337 信息 [Thread-5] org.apache.coyote.AbstractProtocol.stop Stopping ProtocolHandler ["ajp-nio-8009"]
27-Apr-2018 17:04:10.339 信息 [Thread-5] org.apache.coyote.AbstractProtocol.destroy Destroying ProtocolHandler ["http-nio-2184"]
27-Apr-2018 17:04:10.341 信息 [Thread-5] org.apache.coyote.AbstractProtocol.destroy Destroying ProtocolHandler ["ajp-nio-8009"]
27-Apr-2018 17:04:14.526 信息 [main] org.apache.catalina.startup.VersionLoggerListener.log Server version:        Apache Tomcat/8.5.30
27-Apr-2018 17:04:14.530 信息 [main] org.apache.catalina.startup.VersionLoggerListener.log Server built:          Apr 3 2018 20:04:09 UTC
27-Apr-2018 17:04:14.531 信息 [main] org.apache.catalina.startup.VersionLoggerListener.log Server number:         8.5.30.0
27-Apr-2018 17:04:14.532 信息 [main] org.apache.catalina.startup.VersionLoggerListener.log OS Name:               Windows 7
27-Apr-2018 17:04:14.532 信息 [main] org.apache.catalina.startup.VersionLoggerListener.log OS Version:            6.1
27-Apr-2018 17:04:14.533 信息 [main] org.apache.catalina.startup.VersionLoggerListener.log Architecture:          amd64
27-Apr-2018 17:04:14.533 信息 [main] org.apache.catalina.startup.VersionLoggerListener.log Java Home:             G:\Program Files\Java\jdk1.8.0_60\jre
27-Apr-2018 17:04:14.534 信息 [main] org.apache.catalina.startup.VersionLoggerListener.log JVM Version:           1.8.0_60-b27
27-Apr-2018 17:04:14.534 信息 [main] org.apache.catalina.startup.VersionLoggerListener.log JVM Vendor:            Oracle Corporation
27-Apr-2018 17:04:14.535 信息 [main] org.apache.catalina.startup.VersionLoggerListener.log CATALINA_BASE:         E:\dubbo\tomcat-dubbo-admin
27-Apr-2018 17:04:14.536 信息 [main] org.apache.catalina.startup.VersionLoggerListener.log CATALINA_HOME:         E:\dubbo\tomcat-dubbo-admin
27-Apr-2018 17:04:14.537 信息 [main] org.apache.catalina.startup.VersionLoggerListener.log Command line argument: -Djava.util.logging.config.file=E:\dubbo\tomcat-dubbo-admin\conf\logging.properties
27-Apr-2018 17:04:14.537 信息 [main] org.apache.catalina.startup.VersionLoggerListener.log Command line argument: -Djava.util.logging.manager=org.apache.juli.ClassLoaderLogManager
27-Apr-2018 17:04:14.538 信息 [main] org.apache.catalina.startup.VersionLoggerListener.log Command line argument: -Djdk.tls.ephemeralDHKeySize=2048
27-Apr-2018 17:04:14.539 信息 [main] org.apache.catalina.startup.VersionLoggerListener.log Command line argument: -Djava.protocol.handler.pkgs=org.apache.catalina.webresources
27-Apr-2018 17:04:14.540 信息 [main] org.apache.catalina.startup.VersionLoggerListener.log Command line argument: -Dignore.endorsed.dirs=
27-Apr-2018 17:04:14.541 信息 [main] org.apache.catalina.startup.VersionLoggerListener.log Command line argument: -Dcatalina.base=E:\dubbo\tomcat-dubbo-admin
27-Apr-2018 17:04:14.542 信息 [main] org.apache.catalina.startup.VersionLoggerListener.log Command line argument: -Dcatalina.home=E:\dubbo\tomcat-dubbo-admin
27-Apr-2018 17:04:14.543 信息 [main] org.apache.catalina.startup.VersionLoggerListener.log Command line argument: -Djava.io.tmpdir=E:\dubbo\tomcat-dubbo-admin\temp
27-Apr-2018 17:04:14.545 信息 [main] org.apache.catalina.core.AprLifecycleListener.lifecycleEvent The APR based Apache Tomcat Native library which allows optimal performance in production environments was not found on the java.library.path: [G:\Program Files\Java\jdk1.8.0_60\bin;C:\Windows\Sun\Java\bin;C:\Windows\system32;C:\Windows;C:\Windows\system32;C:\Windows;C:\Windows\System32\Wbem;C:\Windows\System32\WindowsPowerShell\v1.0\;C:\Program Files (x86)\NVIDIA Corporation\PhysX\Common;G:\Program Files\Java\jdk1.8.0_60\bin;G:\Program Files (x86)\apache-maven-3.0.4\bin;G:\Program Files\TortoiseGit\bin;G:\Program Files\TortoiseSVN\bin;C:\Program Files (x86)\GtkSharp\2.12\bin;C:\Program Files\Common Files\Autodesk Shared\;C:\Program Files (x86)\Autodesk\Backburner\;C:\Program Files\MySQL\MySQL Utilities 1.6\;C:\Program Files\Intel\WiFi\bin\;C:\Program Files\Common Files\Intel\WirelessCommon\;C:\Program Files\Intel\WiFi\bin\;C:\Program Files\Common Files\Intel\WirelessCommon\;.]
27-Apr-2018 17:04:14.641 信息 [main] org.apache.coyote.AbstractProtocol.init Initializing ProtocolHandler ["http-nio-2184"]
27-Apr-2018 17:04:14.699 信息 [main] org.apache.tomcat.util.net.NioSelectorPool.getSharedSelector Using a shared selector for servlet write/read
27-Apr-2018 17:04:14.706 信息 [main] org.apache.coyote.AbstractProtocol.init Initializing ProtocolHandler ["ajp-nio-8009"]
27-Apr-2018 17:04:14.710 信息 [main] org.apache.tomcat.util.net.NioSelectorPool.getSharedSelector Using a shared selector for servlet write/read
27-Apr-2018 17:04:14.711 信息 [main] org.apache.catalina.startup.Catalina.load Initialization processed in 465 ms
27-Apr-2018 17:04:14.731 信息 [main] org.apache.catalina.core.StandardService.startInternal Starting service [Catalina]
27-Apr-2018 17:04:14.732 信息 [main] org.apache.catalina.core.StandardEngine.startInternal Starting Servlet Engine: Apache Tomcat/8.5.30
27-Apr-2018 17:04:14.740 信息 [localhost-startStop-1] org.apache.catalina.startup.HostConfig.deployDirectory Deploying web application directory [E:\dubbo\tomcat-dubbo-admin\webapps\docs]
27-Apr-2018 17:04:15.139 警告 [localhost-startStop-1] org.apache.catalina.util.SessionIdGeneratorBase.createSecureRandom Creation of SecureRandom instance for session ID generation using [SHA1PRNG] took [187] milliseconds.
27-Apr-2018 17:04:15.155 信息 [localhost-startStop-1] org.apache.catalina.startup.HostConfig.deployDirectory Deployment of web application directory [E:\dubbo\tomcat-dubbo-admin\webapps\docs] has finished in [415] ms
27-Apr-2018 17:04:15.156 信息 [localhost-startStop-1] org.apache.catalina.startup.HostConfig.deployDirectory Deploying web application directory [E:\dubbo\tomcat-dubbo-admin\webapps\dubbo-admin]
27-Apr-2018 17:04:15.179 信息 [localhost-startStop-1] org.apache.catalina.startup.HostConfig.deployDirectory Deployment of web application directory [E:\dubbo\tomcat-dubbo-admin\webapps\dubbo-admin] has finished in [23] ms
27-Apr-2018 17:04:15.180 信息 [localhost-startStop-1] org.apache.catalina.startup.HostConfig.deployDirectory Deploying web application directory [E:\dubbo\tomcat-dubbo-admin\webapps\examples]
27-Apr-2018 17:04:15.449 信息 [localhost-startStop-1] org.apache.catalina.startup.HostConfig.deployDirectory Deployment of web application directory [E:\dubbo\tomcat-dubbo-admin\webapps\examples] has finished in [269] ms
27-Apr-2018 17:04:15.450 信息 [localhost-startStop-1] org.apache.catalina.startup.HostConfig.deployDirectory Deploying web application directory [E:\dubbo\tomcat-dubbo-admin\webapps\host-manager]
27-Apr-2018 17:04:15.477 信息 [localhost-startStop-1] org.apache.catalina.startup.HostConfig.deployDirectory Deployment of web application directory [E:\dubbo\tomcat-dubbo-admin\webapps\host-manager] has finished in [26] ms
27-Apr-2018 17:04:15.477 信息 [localhost-startStop-1] org.apache.catalina.startup.HostConfig.deployDirectory Deploying web application directory [E:\dubbo\tomcat-dubbo-admin\webapps\manager]
27-Apr-2018 17:04:15.496 信息 [localhost-startStop-1] org.apache.catalina.startup.HostConfig.deployDirectory Deployment of web application directory [E:\dubbo\tomcat-dubbo-admin\webapps\manager] has finished in [19] ms
27-Apr-2018 17:04:15.497 信息 [localhost-startStop-1] org.apache.catalina.startup.HostConfig.deployDirectory Deploying web application directory [E:\dubbo\tomcat-dubbo-admin\webapps\ROOT]
27-Apr-2018 17:04:15.511 信息 [localhost-startStop-1] org.apache.catalina.startup.HostConfig.deployDirectory Deployment of web application directory [E:\dubbo\tomcat-dubbo-admin\webapps\ROOT] has finished in [15] ms
27-Apr-2018 17:04:15.515 信息 [main] org.apache.coyote.AbstractProtocol.start Starting ProtocolHandler ["http-nio-2184"]
27-Apr-2018 17:04:15.526 信息 [main] org.apache.coyote.AbstractProtocol.start Starting ProtocolHandler ["ajp-nio-8009"]
27-Apr-2018 17:04:15.531 信息 [main] org.apache.catalina.startup.Catalina.start Server startup in 818 ms
27-Apr-2018 17:07:36.131 信息 [ContainerBackgroundProcessor[StandardEngine[Catalina]]] org.apache.catalina.startup.HostConfig.undeploy Undeploying context [/dubbo-admin]
27-Apr-2018 17:07:36.162 信息 [localhost-startStop-2] org.apache.catalina.startup.HostConfig.deployWAR Deploying web application archive [E:\dubbo\tomcat-dubbo-admin\webapps\dubbo-admin-2.5.10.war]
27-Apr-2018 17:07:40.342 信息 [localhost-startStop-2] org.apache.jasper.servlet.TldScanner.scanJars At least one JAR was scanned for TLDs yet contained no TLDs. Enable debug logging for this logger for a complete list of JARs that were scanned but no TLDs were found in them. Skipping unneeded JARs during scanning can improve startup time and JSP compilation time.
27-Apr-2018 17:07:53.381 信息 [localhost-startStop-2] org.apache.catalina.startup.HostConfig.deployWAR Deployment of web application archive [E:\dubbo\tomcat-dubbo-admin\webapps\dubbo-admin-2.5.10.war] has finished in [17,219] ms
27-Apr-2018 17:14:54.123 信息 [ContainerBackgroundProcessor[StandardEngine[Catalina]]] org.apache.catalina.startup.HostConfig.undeploy Undeploying context [/dubbo-admin-2.5.10]
27-Apr-2018 17:14:54.174 警告 [ContainerBackgroundProcessor[StandardEngine[Catalina]]] org.apache.catalina.loader.WebappClassLoaderBase.clearReferencesThreads The web application [dubbo-admin-2.5.10] appears to have started a thread named [qos-boss-1-1] but has failed to stop it. This is very likely to create a memory leak. Stack trace of thread:
 sun.nio.ch.WindowsSelectorImpl$SubSelector.poll0(Native Method)
 sun.nio.ch.WindowsSelectorImpl$SubSelector.poll(WindowsSelectorImpl.java:296)
 sun.nio.ch.WindowsSelectorImpl$SubSelector.access$400(WindowsSelectorImpl.java:278)
 sun.nio.ch.WindowsSelectorImpl.doSelect(WindowsSelectorImpl.java:159)
 sun.nio.ch.SelectorImpl.lockAndDoSelect(SelectorImpl.java:86)
 sun.nio.ch.SelectorImpl.select(SelectorImpl.java:97)
 io.netty.channel.nio.NioEventLoop.select(NioEventLoop.java:622)
 io.netty.channel.nio.NioEventLoop.run(NioEventLoop.java:310)
 io.netty.util.concurrent.SingleThreadEventExecutor$2.run(SingleThreadEventExecutor.java:112)
 io.netty.util.concurrent.DefaultThreadFactory$DefaultRunnableDecorator.run(DefaultThreadFactory.java:137)
 java.lang.Thread.run(Thread.java:745)
27-Apr-2018 17:14:54.176 警告 [ContainerBackgroundProcessor[StandardEngine[Catalina]]] org.apache.catalina.loader.WebappClassLoaderBase.clearReferencesThreads The web application [dubbo-admin-2.5.10] appears to have started a thread named [DubboRegistryFailedRetryTimer-thread-1] but has failed to stop it. This is very likely to create a memory leak. Stack trace of thread:
 sun.misc.Unsafe.park(Native Method)
 java.util.concurrent.locks.LockSupport.parkNanos(LockSupport.java:215)
 java.util.concurrent.locks.AbstractQueuedSynchronizer$ConditionObject.awaitNanos(AbstractQueuedSynchronizer.java:2078)
 java.util.concurrent.ScheduledThreadPoolExecutor$DelayedWorkQueue.take(ScheduledThreadPoolExecutor.java:1093)
 java.util.concurrent.ScheduledThreadPoolExecutor$DelayedWorkQueue.take(ScheduledThreadPoolExecutor.java:809)
 java.util.concurrent.ThreadPoolExecutor.getTask(ThreadPoolExecutor.java:1067)
 java.util.concurrent.ThreadPoolExecutor.runWorker(ThreadPoolExecutor.java:1127)
 java.util.concurrent.ThreadPoolExecutor$Worker.run(ThreadPoolExecutor.java:617)
 java.lang.Thread.run(Thread.java:745)
27-Apr-2018 17:14:54.178 警告 [ContainerBackgroundProcessor[StandardEngine[Catalina]]] org.apache.catalina.loader.WebappClassLoaderBase.clearReferencesThreads The web application [dubbo-admin-2.5.10] appears to have started a thread named [ZkClient-EventThread-87-127.0.0.1:2181] but has failed to stop it. This is very likely to create a memory leak. Stack trace of thread:
 sun.misc.Unsafe.park(Native Method)
 java.util.concurrent.locks.LockSupport.park(LockSupport.java:175)
 java.util.concurrent.locks.AbstractQueuedSynchronizer$ConditionObject.await(AbstractQueuedSynchronizer.java:2039)
 java.util.concurrent.LinkedBlockingQueue.take(LinkedBlockingQueue.java:442)
 org.I0Itec.zkclient.ZkEventThread.run(ZkEventThread.java:67)
27-Apr-2018 17:14:54.179 警告 [ContainerBackgroundProcessor[StandardEngine[Catalina]]] org.apache.catalina.loader.WebappClassLoaderBase.clearReferencesThreads The web application [dubbo-admin-2.5.10] appears to have started a thread named [DubboZkclientConnector-SendThread(127.0.0.1:2181)] but has failed to stop it. This is very likely to create a memory leak. Stack trace of thread:
 sun.nio.ch.WindowsSelectorImpl$SubSelector.poll0(Native Method)
 sun.nio.ch.WindowsSelectorImpl$SubSelector.poll(WindowsSelectorImpl.java:296)
 sun.nio.ch.WindowsSelectorImpl$SubSelector.access$400(WindowsSelectorImpl.java:278)
 sun.nio.ch.WindowsSelectorImpl.doSelect(WindowsSelectorImpl.java:159)
 sun.nio.ch.SelectorImpl.lockAndDoSelect(SelectorImpl.java:86)
 sun.nio.ch.SelectorImpl.select(SelectorImpl.java:97)
 org.apache.zookeeper.ClientCnxnSocketNIO.doTransport(ClientCnxnSocketNIO.java:349)
 org.apache.zookeeper.ClientCnxn$SendThread.run(ClientCnxn.java:1141)
27-Apr-2018 17:14:54.181 警告 [ContainerBackgroundProcessor[StandardEngine[Catalina]]] org.apache.catalina.loader.WebappClassLoaderBase.clearReferencesThreads The web application [dubbo-admin-2.5.10] appears to have started a thread named [DubboZkclientConnector-EventThread] but has failed to stop it. This is very likely to create a memory leak. Stack trace of thread:
 sun.misc.Unsafe.park(Native Method)
 java.util.concurrent.locks.LockSupport.park(LockSupport.java:175)
 java.util.concurrent.locks.AbstractQueuedSynchronizer$ConditionObject.await(AbstractQueuedSynchronizer.java:2039)
 java.util.concurrent.LinkedBlockingQueue.take(LinkedBlockingQueue.java:442)
 org.apache.zookeeper.ClientCnxn$EventThread.run(ClientCnxn.java:501)
27-Apr-2018 17:14:54.183 警告 [ContainerBackgroundProcessor[StandardEngine[Catalina]]] org.apache.catalina.loader.WebappClassLoaderBase.clearReferencesThreads The web application [dubbo-admin-2.5.10] appears to have started a thread named [DubboFutureCallbackDefault-thread-1] but has failed to stop it. This is very likely to create a memory leak. Stack trace of thread:
 sun.misc.Unsafe.park(Native Method)
 java.util.concurrent.locks.LockSupport.park(LockSupport.java:175)
 java.util.concurrent.SynchronousQueue$TransferStack.awaitFulfill(SynchronousQueue.java:458)
 java.util.concurrent.SynchronousQueue$TransferStack.transfer(SynchronousQueue.java:362)
 java.util.concurrent.SynchronousQueue.take(SynchronousQueue.java:924)
 java.util.concurrent.ThreadPoolExecutor.getTask(ThreadPoolExecutor.java:1067)
 java.util.concurrent.ThreadPoolExecutor.runWorker(ThreadPoolExecutor.java:1127)
 java.util.concurrent.ThreadPoolExecutor$Worker.run(ThreadPoolExecutor.java:617)
 java.lang.Thread.run(Thread.java:745)
27-Apr-2018 17:14:54.185 严重 [ContainerBackgroundProcessor[StandardEngine[Catalina]]] org.apache.catalina.loader.WebappClassLoaderBase.checkThreadLocalMapForLeaks The web application [dubbo-admin-2.5.10] created a ThreadLocal with key of type [java.lang.ThreadLocal] (value [java.lang.ThreadLocal@191a7f72]) and a value of type [com.alibaba.citrus.util.i18n.LocaleInfo] (value [zh_CN:UTF-8]) but failed to remove it when the web application was stopped. Threads are going to be renewed over time to try and avoid a probable memory leak.
27-Apr-2018 17:14:54.187 严重 [ContainerBackgroundProcessor[StandardEngine[Catalina]]] org.apache.catalina.loader.WebappClassLoaderBase.checkThreadLocalMapForLeaks The web application [dubbo-admin-2.5.10] created a ThreadLocal with key of type [java.lang.ThreadLocal] (value [java.lang.ThreadLocal@191a7f72]) and a value of type [com.alibaba.citrus.util.i18n.LocaleInfo] (value [zh_CN:UTF-8]) but failed to remove it when the web application was stopped. Threads are going to be renewed over time to try and avoid a probable memory leak.
27-Apr-2018 17:14:54.188 严重 [ContainerBackgroundProcessor[StandardEngine[Catalina]]] org.apache.catalina.loader.WebappClassLoaderBase.checkThreadLocalMapForLeaks The web application [dubbo-admin-2.5.10] created a ThreadLocal with key of type [java.lang.ThreadLocal] (value [java.lang.ThreadLocal@191a7f72]) and a value of type [com.alibaba.citrus.util.i18n.LocaleInfo] (value [zh_CN:UTF-8]) but failed to remove it when the web application was stopped. Threads are going to be renewed over time to try and avoid a probable memory leak.
27-Apr-2018 17:14:54.190 严重 [ContainerBackgroundProcessor[StandardEngine[Catalina]]] org.apache.catalina.loader.WebappClassLoaderBase.checkThreadLocalMapForLeaks The web application [dubbo-admin-2.5.10] created a ThreadLocal with key of type [java.lang.ThreadLocal] (value [java.lang.ThreadLocal@191a7f72]) and a value of type [com.alibaba.citrus.util.i18n.LocaleInfo] (value [zh_CN:UTF-8]) but failed to remove it when the web application was stopped. Threads are going to be renewed over time to try and avoid a probable memory leak.
27-Apr-2018 17:14:54.191 严重 [ContainerBackgroundProcessor[StandardEngine[Catalina]]] org.apache.catalina.loader.WebappClassLoaderBase.checkThreadLocalMapForLeaks The web application [dubbo-admin-2.5.10] created a ThreadLocal with key of type [java.lang.ThreadLocal] (value [java.lang.ThreadLocal@191a7f72]) and a value of type [com.alibaba.citrus.util.i18n.LocaleInfo] (value [zh_CN:UTF-8]) but failed to remove it when the web application was stopped. Threads are going to be renewed over time to try and avoid a probable memory leak.
27-Apr-2018 17:14:54.192 严重 [ContainerBackgroundProcessor[StandardEngine[Catalina]]] org.apache.catalina.loader.WebappClassLoaderBase.checkThreadLocalMapForLeaks The web application [dubbo-admin-2.5.10] created a ThreadLocal with key of type [java.lang.ThreadLocal] (value [java.lang.ThreadLocal@191a7f72]) and a value of type [com.alibaba.citrus.util.i18n.LocaleInfo] (value [zh_CN:UTF-8]) but failed to remove it when the web application was stopped. Threads are going to be renewed over time to try and avoid a probable memory leak.
27-Apr-2018 17:14:54.193 严重 [ContainerBackgroundProcessor[StandardEngine[Catalina]]] org.apache.catalina.loader.WebappClassLoaderBase.checkThreadLocalMapForLeaks The web application [dubbo-admin-2.5.10] created a ThreadLocal with key of type [java.lang.ThreadLocal] (value [java.lang.ThreadLocal@191a7f72]) and a value of type [com.alibaba.citrus.util.i18n.LocaleInfo] (value [zh_CN:UTF-8]) but failed to remove it when the web application was stopped. Threads are going to be renewed over time to try and avoid a probable memory leak.
27-Apr-2018 17:14:54.194 严重 [ContainerBackgroundProcessor[StandardEngine[Catalina]]] org.apache.catalina.loader.WebappClassLoaderBase.checkThreadLocalMapForLeaks The web application [dubbo-admin-2.5.10] created a ThreadLocal with key of type [java.lang.ThreadLocal] (value [java.lang.ThreadLocal@191a7f72]) and a value of type [com.alibaba.citrus.util.i18n.LocaleInfo] (value [zh_CN:UTF-8]) but failed to remove it when the web application was stopped. Threads are going to be renewed over time to try and avoid a probable memory leak.
27-Apr-2018 17:14:54.369 严重 [ContainerBackgroundProcessor[StandardEngine[Catalina]]] org.apache.catalina.startup.ExpandWar.deleteDir [E:\dubbo\tomcat-dubbo-admin\webapps\dubbo-admin-2.5.10\WEB-INF\lib] could not be completely deleted. The presence of the remaining files may cause problems
27-Apr-2018 17:14:54.406 严重 [ContainerBackgroundProcessor[StandardEngine[Catalina]]] org.apache.catalina.startup.ExpandWar.deleteDir [E:\dubbo\tomcat-dubbo-admin\webapps\dubbo-admin-2.5.10\WEB-INF] could not be completely deleted. The presence of the remaining files may cause problems
27-Apr-2018 17:14:54.407 严重 [ContainerBackgroundProcessor[StandardEngine[Catalina]]] org.apache.catalina.startup.ExpandWar.deleteDir [E:\dubbo\tomcat-dubbo-admin\webapps\dubbo-admin-2.5.10] could not be completely deleted. The presence of the remaining files may cause problems
27-Apr-2018 17:14:54.408 严重 [ContainerBackgroundProcessor[StandardEngine[Catalina]]] org.apache.catalina.startup.ExpandWar.delete [E:\dubbo\tomcat-dubbo-admin\webapps\dubbo-admin-2.5.10] could not be completely deleted. The presence of the remaining files may cause problems
27-Apr-2018 17:14:54.412 信息 [localhost-startStop-3] org.apache.catalina.startup.HostConfig.deployWAR Deploying web application archive [E:\dubbo\tomcat-dubbo-admin\webapps\dubbo-admin.war]
27-Apr-2018 17:14:58.155 信息 [localhost-startStop-3] org.apache.jasper.servlet.TldScanner.scanJars At least one JAR was scanned for TLDs yet contained no TLDs. Enable debug logging for this logger for a complete list of JARs that were scanned but no TLDs were found in them. Skipping unneeded JARs during scanning can improve startup time and JSP compilation time.
27-Apr-2018 17:15:10.699 信息 [localhost-startStop-3] org.apache.catalina.startup.HostConfig.deployWAR Deployment of web application archive [E:\dubbo\tomcat-dubbo-admin\webapps\dubbo-admin.war] has finished in [16,287] ms
27-Apr-2018 17:44:26.753 信息 [DubboZkclientConnector-SendThread(127.0.0.1:2181)] org.apache.catalina.loader.WebappClassLoaderBase.checkStateForResourceLoading Illegal access: this web application instance has been stopped already. Could not load [org.apache.zookeeper.proto.WatcherEvent]. The following stack trace is thrown for debugging purposes as well as to attempt to terminate the thread which caused the illegal access.
 java.lang.IllegalStateException: Illegal access: this web application instance has been stopped already. Could not load [org.apache.zookeeper.proto.WatcherEvent]. The following stack trace is thrown for debugging purposes as well as to attempt to terminate the thread which caused the illegal access.
	at org.apache.catalina.loader.WebappClassLoaderBase.checkStateForResourceLoading(WebappClassLoaderBase.java:1328)
	at org.apache.catalina.loader.WebappClassLoaderBase.checkStateForClassLoading(WebappClassLoaderBase.java:1316)
	at org.apache.catalina.loader.WebappClassLoaderBase.loadClass(WebappClassLoaderBase.java:1175)
	at org.apache.catalina.loader.WebappClassLoaderBase.loadClass(WebappClassLoaderBase.java:1136)
	at org.apache.zookeeper.ClientCnxn$SendThread.readResponse(ClientCnxn.java:769)
	at org.apache.zookeeper.ClientCnxnSocketNIO.doIO(ClientCnxnSocketNIO.java:94)
	at org.apache.zookeeper.ClientCnxnSocketNIO.doTransport(ClientCnxnSocketNIO.java:366)
	at org.apache.zookeeper.ClientCnxn$SendThread.run(ClientCnxn.java:1141)

27-Apr-2018 17:44:28.515 信息 [DubboZkclientConnector-SendThread(127.0.0.1:2181)] org.apache.catalina.loader.WebappClassLoaderBase.checkStateForResourceLoading Illegal access: this web application instance has been stopped already. Could not load [org.apache.zookeeper.proto.SetWatches]. The following stack trace is thrown for debugging purposes as well as to attempt to terminate the thread which caused the illegal access.
 java.lang.IllegalStateException: Illegal access: this web application instance has been stopped already. Could not load [org.apache.zookeeper.proto.SetWatches]. The following stack trace is thrown for debugging purposes as well as to attempt to terminate the thread which caused the illegal access.
	at org.apache.catalina.loader.WebappClassLoaderBase.checkStateForResourceLoading(WebappClassLoaderBase.java:1328)
	at org.apache.catalina.loader.WebappClassLoaderBase.checkStateForClassLoading(WebappClassLoaderBase.java:1316)
	at org.apache.catalina.loader.WebappClassLoaderBase.loadClass(WebappClassLoaderBase.java:1175)
	at org.apache.catalina.loader.WebappClassLoaderBase.loadClass(WebappClassLoaderBase.java:1136)
	at org.apache.zookeeper.ClientCnxn$SendThread.primeConnection(ClientCnxn.java:926)
	at org.apache.zookeeper.ClientCnxnSocketNIO.doTransport(ClientCnxnSocketNIO.java:363)
	at org.apache.zookeeper.ClientCnxn$SendThread.run(ClientCnxn.java:1141)

27-Apr-2018 18:19:25.562 信息 [Thread-5] org.apache.coyote.AbstractProtocol.pause Pausing ProtocolHandler ["http-nio-2184"]
27-Apr-2018 18:19:25.582 信息 [DubboZkclientConnector-SendThread(127.0.0.1:2181)] org.apache.catalina.loader.WebappClassLoaderBase.checkStateForResourceLoading Illegal access: this web application instance has been stopped already. Could not load [org.apache.zookeeper.ClientCnxn$1]. The following stack trace is thrown for debugging purposes as well as to attempt to terminate the thread which caused the illegal access.
 java.lang.IllegalStateException: Illegal access: this web application instance has been stopped already. Could not load [org.apache.zookeeper.ClientCnxn$1]. The following stack trace is thrown for debugging purposes as well as to attempt to terminate the thread which caused the illegal access.
	at org.apache.catalina.loader.WebappClassLoaderBase.checkStateForResourceLoading(WebappClassLoaderBase.java:1328)
	at org.apache.catalina.loader.WebappClassLoaderBase.checkStateForClassLoading(WebappClassLoaderBase.java:1316)
	at org.apache.catalina.loader.WebappClassLoaderBase.loadClass(WebappClassLoaderBase.java:1175)
	at org.apache.catalina.loader.WebappClassLoaderBase.loadClass(WebappClassLoaderBase.java:1136)
	at org.apache.zookeeper.ClientCnxn.conLossPacket(ClientCnxn.java:663)
	at org.apache.zookeeper.ClientCnxn.access$2300(ClientCnxn.java:90)
	at org.apache.zookeeper.ClientCnxn$SendThread.cleanup(ClientCnxn.java:1255)
	at org.apache.zookeeper.ClientCnxn$SendThread.run(ClientCnxn.java:1170)

27-Apr-2018 18:19:25.775 信息 [Thread-5] org.apache.coyote.AbstractProtocol.pause Pausing ProtocolHandler ["ajp-nio-8009"]
27-Apr-2018 18:19:25.982 信息 [Thread-5] org.apache.catalina.core.StandardService.stopInternal Stopping service [Catalina]
27-Apr-2018 18:19:26.020 警告 [localhost-startStop-4] org.apache.catalina.loader.WebappClassLoaderBase.clearReferencesThreads The web application [dubbo-admin] appears to have started a thread named [qos-boss-1-1] but has failed to stop it. This is very likely to create a memory leak. Stack trace of thread:
 sun.nio.ch.WindowsSelectorImpl$SubSelector.poll0(Native Method)
 sun.nio.ch.WindowsSelectorImpl$SubSelector.poll(WindowsSelectorImpl.java:296)
 sun.nio.ch.WindowsSelectorImpl$SubSelector.access$400(WindowsSelectorImpl.java:278)
 sun.nio.ch.WindowsSelectorImpl.doSelect(WindowsSelectorImpl.java:159)
 sun.nio.ch.SelectorImpl.lockAndDoSelect(SelectorImpl.java:86)
 sun.nio.ch.SelectorImpl.select(SelectorImpl.java:97)
 io.netty.channel.nio.NioEventLoop.select(NioEventLoop.java:622)
 io.netty.channel.nio.NioEventLoop.run(NioEventLoop.java:310)
 io.netty.util.concurrent.SingleThreadEventExecutor$2.run(SingleThreadEventExecutor.java:112)
 io.netty.util.concurrent.DefaultThreadFactory$DefaultRunnableDecorator.run(DefaultThreadFactory.java:137)
 java.lang.Thread.run(Thread.java:745)
27-Apr-2018 18:19:26.021 警告 [localhost-startStop-4] org.apache.catalina.loader.WebappClassLoaderBase.clearReferencesThreads The web application [dubbo-admin] appears to have started a thread named [DubboRegistryFailedRetryTimer-thread-1] but has failed to stop it. This is very likely to create a memory leak. Stack trace of thread:
 sun.misc.Unsafe.park(Native Method)
 java.util.concurrent.locks.LockSupport.parkNanos(LockSupport.java:215)
 java.util.concurrent.locks.AbstractQueuedSynchronizer$ConditionObject.awaitNanos(AbstractQueuedSynchronizer.java:2078)
 java.util.concurrent.ScheduledThreadPoolExecutor$DelayedWorkQueue.take(ScheduledThreadPoolExecutor.java:1093)
 java.util.concurrent.ScheduledThreadPoolExecutor$DelayedWorkQueue.take(ScheduledThreadPoolExecutor.java:809)
 java.util.concurrent.ThreadPoolExecutor.getTask(ThreadPoolExecutor.java:1067)
 java.util.concurrent.ThreadPoolExecutor.runWorker(ThreadPoolExecutor.java:1127)
 java.util.concurrent.ThreadPoolExecutor$Worker.run(ThreadPoolExecutor.java:617)
 java.lang.Thread.run(Thread.java:745)
27-Apr-2018 18:19:26.023 警告 [localhost-startStop-4] org.apache.catalina.loader.WebappClassLoaderBase.clearReferencesThreads The web application [dubbo-admin] appears to have started a thread named [DubboFutureCallbackDefault-thread-1] but has failed to stop it. This is very likely to create a memory leak. Stack trace of thread:
 sun.misc.Unsafe.park(Native Method)
 java.util.concurrent.locks.LockSupport.park(LockSupport.java:175)
 java.util.concurrent.SynchronousQueue$TransferStack.awaitFulfill(SynchronousQueue.java:458)
 java.util.concurrent.SynchronousQueue$TransferStack.transfer(SynchronousQueue.java:362)
 java.util.concurrent.SynchronousQueue.take(SynchronousQueue.java:924)
 java.util.concurrent.ThreadPoolExecutor.getTask(ThreadPoolExecutor.java:1067)
 java.util.concurrent.ThreadPoolExecutor.runWorker(ThreadPoolExecutor.java:1127)
 java.util.concurrent.ThreadPoolExecutor$Worker.run(ThreadPoolExecutor.java:617)
 java.lang.Thread.run(Thread.java:745)
27-Apr-2018 18:19:26.025 警告 [localhost-startStop-4] org.apache.catalina.loader.WebappClassLoaderBase.clearReferencesThreads The web application [dubbo-admin] appears to have started a thread named [DubboShutdownHook] but has failed to stop it. This is very likely to create a memory leak. Stack trace of thread:
 java.lang.Thread.sleep(Native Method)
 com.alibaba.dubbo.config.ProtocolConfig.destroyAll(ProtocolConfig.java:152)
 com.alibaba.dubbo.config.AbstractConfig$1.run(AbstractConfig.java:82)
 java.lang.Thread.run(Thread.java:745)
27-Apr-2018 18:19:26.026 严重 [localhost-startStop-4] org.apache.catalina.loader.WebappClassLoaderBase.checkThreadLocalMapForLeaks The web application [dubbo-admin] created a ThreadLocal with key of type [java.lang.ThreadLocal] (value [java.lang.ThreadLocal@3dfeed4c]) and a value of type [com.alibaba.citrus.util.i18n.LocaleInfo] (value [zh_CN:UTF-8]) but failed to remove it when the web application was stopped. Threads are going to be renewed over time to try and avoid a probable memory leak.
27-Apr-2018 18:19:26.027 严重 [localhost-startStop-4] org.apache.catalina.loader.WebappClassLoaderBase.checkThreadLocalMapForLeaks The web application [dubbo-admin] created a ThreadLocal with key of type [java.lang.ThreadLocal] (value [java.lang.ThreadLocal@3dfeed4c]) and a value of type [com.alibaba.citrus.util.i18n.LocaleInfo] (value [zh_CN:UTF-8]) but failed to remove it when the web application was stopped. Threads are going to be renewed over time to try and avoid a probable memory leak.
27-Apr-2018 18:19:26.029 严重 [localhost-startStop-4] org.apache.catalina.loader.WebappClassLoaderBase.checkThreadLocalMapForLeaks The web application [dubbo-admin] created a ThreadLocal with key of type [java.lang.ThreadLocal] (value [java.lang.ThreadLocal@3dfeed4c]) and a value of type [com.alibaba.citrus.util.i18n.LocaleInfo] (value [zh_CN:UTF-8]) but failed to remove it when the web application was stopped. Threads are going to be renewed over time to try and avoid a probable memory leak.
27-Apr-2018 18:19:26.030 严重 [localhost-startStop-4] org.apache.catalina.loader.WebappClassLoaderBase.checkThreadLocalMapForLeaks The web application [dubbo-admin] created a ThreadLocal with key of type [java.lang.ThreadLocal] (value [java.lang.ThreadLocal@3dfeed4c]) and a value of type [com.alibaba.citrus.util.i18n.LocaleInfo] (value [zh_CN:UTF-8]) but failed to remove it when the web application was stopped. Threads are going to be renewed over time to try and avoid a probable memory leak.
27-Apr-2018 18:19:26.031 严重 [localhost-startStop-4] org.apache.catalina.loader.WebappClassLoaderBase.checkThreadLocalMapForLeaks The web application [dubbo-admin] created a ThreadLocal with key of type [java.lang.ThreadLocal] (value [java.lang.ThreadLocal@3dfeed4c]) and a value of type [com.alibaba.citrus.util.i18n.LocaleInfo] (value [zh_CN:UTF-8]) but failed to remove it when the web application was stopped. Threads are going to be renewed over time to try and avoid a probable memory leak.
27-Apr-2018 18:19:26.032 严重 [localhost-startStop-4] org.apache.catalina.loader.WebappClassLoaderBase.checkThreadLocalMapForLeaks The web application [dubbo-admin] created a ThreadLocal with key of type [java.lang.ThreadLocal] (value [java.lang.ThreadLocal@3dfeed4c]) and a value of type [com.alibaba.citrus.util.i18n.LocaleInfo] (value [zh_CN:UTF-8]) but failed to remove it when the web application was stopped. Threads are going to be renewed over time to try and avoid a probable memory leak.
27-Apr-2018 18:19:26.043 信息 [Thread-5] org.apache.coyote.AbstractProtocol.stop Stopping ProtocolHandler ["http-nio-2184"]
27-Apr-2018 18:19:26.045 信息 [Thread-5] org.apache.coyote.AbstractProtocol.stop Stopping ProtocolHandler ["ajp-nio-8009"]
27-Apr-2018 18:19:26.047 信息 [Thread-5] org.apache.coyote.AbstractProtocol.destroy Destroying ProtocolHandler ["http-nio-2184"]
27-Apr-2018 18:19:26.048 信息 [Thread-5] org.apache.coyote.AbstractProtocol.destroy Destroying ProtocolHandler ["ajp-nio-8009"]
