27-Apr-2018 16:56:19.988 信息 [localhost-startStop-1] org.apache.catalina.core.ApplicationContext.log No Spring WebApplicationInitializer types detected on classpath
27-Apr-2018 16:56:20.040 信息 [localhost-startStop-1] org.apache.catalina.core.ApplicationContext.log Initializing log4j system
27-Apr-2018 16:56:20.155 信息 [localhost-startStop-1] org.apache.catalina.core.ApplicationContext.log Initializing Spring root WebApplicationContext
27-Apr-2018 16:56:29.935 信息 [localhost-startStop-1] org.apache.catalina.core.ApplicationContext.log Initializing Spring sub WebApplicationContext: sysmanage
27-Apr-2018 16:56:30.995 信息 [localhost-startStop-1] org.apache.catalina.core.ApplicationContext.log Initializing Spring sub WebApplicationContext: sysinfo
27-Apr-2018 16:56:31.673 信息 [localhost-startStop-1] org.apache.catalina.core.ApplicationContext.log Initializing Spring sub WebApplicationContext: personal
27-Apr-2018 16:56:32.393 信息 [localhost-startStop-1] org.apache.catalina.core.ApplicationContext.log Initializing Spring sub WebApplicationContext: governance
27-Apr-2018 16:56:33.123 信息 [localhost-startStop-1] org.apache.catalina.core.ApplicationContext.log Initializing Spring sub WebApplicationContext: home
27-Apr-2018 16:56:33.829 信息 [localhost-startStop-1] org.apache.catalina.core.ApplicationContext.log WebxComponents: initialization completed
27-Apr-2018 16:56:33.833 信息 [localhost-startStop-1] org.apache.catalina.core.ApplicationContext.log Initializing filter: webx
27-Apr-2018 16:56:33.840 信息 [localhost-startStop-1] org.apache.catalina.core.ApplicationContext.log WebxFrameworkFilter - webx: initialization completed
27-Apr-2018 16:56:33.841 信息 [localhost-startStop-1] org.apache.catalina.core.ApplicationContext.log Initializing filter: mdc
27-Apr-2018 16:56:33.842 信息 [localhost-startStop-1] org.apache.catalina.core.ApplicationContext.log SetLoggingContextFilter - mdc: initialization completed
27-Apr-2018 17:01:55.215 信息 [localhost-startStop-2] org.apache.catalina.core.ApplicationContext.log Closing Spring root WebApplicationContext
27-Apr-2018 17:01:55.253 信息 [localhost-startStop-2] org.apache.catalina.core.ApplicationContext.log Shutting down log system
27-Apr-2018 17:04:15.441 信息 [localhost-startStop-1] org.apache.catalina.core.ApplicationContext.log ContextListener: contextInitialized()
27-Apr-2018 17:04:15.441 信息 [localhost-startStop-1] org.apache.catalina.core.ApplicationContext.log SessionListener: contextInitialized()
27-Apr-2018 17:04:15.442 信息 [localhost-startStop-1] org.apache.catalina.core.ApplicationContext.log ContextListener: attributeAdded('StockTicker', 'async.Stockticker@63c6c7e0')
27-Apr-2018 17:07:40.344 信息 [localhost-startStop-2] org.apache.catalina.core.ApplicationContext.log No Spring WebApplicationInitializer types detected on classpath
27-Apr-2018 17:07:40.404 信息 [localhost-startStop-2] org.apache.catalina.core.ApplicationContext.log Initializing log4j system
27-Apr-2018 17:07:40.497 信息 [localhost-startStop-2] org.apache.catalina.core.ApplicationContext.log Initializing Spring root WebApplicationContext
27-Apr-2018 17:07:49.658 信息 [localhost-startStop-2] org.apache.catalina.core.ApplicationContext.log Initializing Spring sub WebApplicationContext: sysmanage
27-Apr-2018 17:07:50.669 信息 [localhost-startStop-2] org.apache.catalina.core.ApplicationContext.log Initializing Spring sub WebApplicationContext: sysinfo
27-Apr-2018 17:07:51.385 信息 [localhost-startStop-2] org.apache.catalina.core.ApplicationContext.log Initializing Spring sub WebApplicationContext: personal
27-Apr-2018 17:07:52.080 信息 [localhost-startStop-2] org.apache.catalina.core.ApplicationContext.log Initializing Spring sub WebApplicationContext: governance
27-Apr-2018 17:07:52.705 信息 [localhost-startStop-2] org.apache.catalina.core.ApplicationContext.log Initializing Spring sub WebApplicationContext: home
27-Apr-2018 17:07:53.365 信息 [localhost-startStop-2] org.apache.catalina.core.ApplicationContext.log WebxComponents: initialization completed
27-Apr-2018 17:07:53.367 信息 [localhost-startStop-2] org.apache.catalina.core.ApplicationContext.log Initializing filter: webx
27-Apr-2018 17:07:53.376 信息 [localhost-startStop-2] org.apache.catalina.core.ApplicationContext.log WebxFrameworkFilter - webx: initialization completed
27-Apr-2018 17:07:53.377 信息 [localhost-startStop-2] org.apache.catalina.core.ApplicationContext.log Initializing filter: mdc
27-Apr-2018 17:07:53.377 信息 [localhost-startStop-2] org.apache.catalina.core.ApplicationContext.log SetLoggingContextFilter - mdc: initialization completed
27-Apr-2018 17:14:54.127 信息 [ContainerBackgroundProcessor[StandardEngine[Catalina]]] org.apache.catalina.core.ApplicationContext.log Closing Spring root WebApplicationContext
27-Apr-2018 17:14:54.170 信息 [ContainerBackgroundProcessor[StandardEngine[Catalina]]] org.apache.catalina.core.ApplicationContext.log Shutting down log system
27-Apr-2018 17:14:58.158 信息 [localhost-startStop-3] org.apache.catalina.core.ApplicationContext.log No Spring WebApplicationInitializer types detected on classpath
27-Apr-2018 17:14:58.197 信息 [localhost-startStop-3] org.apache.catalina.core.ApplicationContext.log Initializing log4j system
27-Apr-2018 17:14:58.274 信息 [localhost-startStop-3] org.apache.catalina.core.ApplicationContext.log Initializing Spring root WebApplicationContext
27-Apr-2018 17:15:07.285 信息 [localhost-startStop-3] org.apache.catalina.core.ApplicationContext.log Initializing Spring sub WebApplicationContext: sysmanage
27-Apr-2018 17:15:08.167 信息 [localhost-startStop-3] org.apache.catalina.core.ApplicationContext.log Initializing Spring sub WebApplicationContext: sysinfo
27-Apr-2018 17:15:08.784 信息 [localhost-startStop-3] org.apache.catalina.core.ApplicationContext.log Initializing Spring sub WebApplicationContext: personal
27-Apr-2018 17:15:09.442 信息 [localhost-startStop-3] org.apache.catalina.core.ApplicationContext.log Initializing Spring sub WebApplicationContext: governance
27-Apr-2018 17:15:10.028 信息 [localhost-startStop-3] org.apache.catalina.core.ApplicationContext.log Initializing Spring sub WebApplicationContext: home
27-Apr-2018 17:15:10.679 信息 [localhost-startStop-3] org.apache.catalina.core.ApplicationContext.log WebxComponents: initialization completed
27-Apr-2018 17:15:10.682 信息 [localhost-startStop-3] org.apache.catalina.core.ApplicationContext.log Initializing filter: webx
27-Apr-2018 17:15:10.691 信息 [localhost-startStop-3] org.apache.catalina.core.ApplicationContext.log WebxFrameworkFilter - webx: initialization completed
27-Apr-2018 17:15:10.692 信息 [localhost-startStop-3] org.apache.catalina.core.ApplicationContext.log Initializing filter: mdc
27-Apr-2018 17:15:10.693 信息 [localhost-startStop-3] org.apache.catalina.core.ApplicationContext.log SetLoggingContextFilter - mdc: initialization completed
27-Apr-2018 18:19:25.986 信息 [localhost-startStop-4] org.apache.catalina.core.ApplicationContext.log SessionListener: contextDestroyed()
27-Apr-2018 18:19:25.986 信息 [localhost-startStop-4] org.apache.catalina.core.ApplicationContext.log ContextListener: contextDestroyed()
27-Apr-2018 18:19:25.994 信息 [localhost-startStop-4] org.apache.catalina.core.ApplicationContext.log Closing Spring root WebApplicationContext
27-Apr-2018 18:19:26.016 信息 [localhost-startStop-4] org.apache.catalina.core.ApplicationContext.log Shutting down log system
